c:\users\khang\onedrive\desktop\trainingframework3d\trainingframework3d\trainingframework\debug\trainingframework.pch
c:\users\khang\onedrive\desktop\trainingframework3d\trainingframework3d\trainingframework\debug\vc142.pdb
c:\users\khang\onedrive\desktop\trainingframework3d\trainingframework3d\trainingframework\debug\vc142.idb
c:\users\khang\onedrive\desktop\trainingframework3d\trainingframework3d\trainingframework\debug\stdafx.obj
c:\users\khang\onedrive\desktop\trainingframework3d\trainingframework3d\trainingframework\debug\matrix.obj
c:\users\khang\onedrive\desktop\trainingframework3d\trainingframework3d\trainingframework\debug\model.obj
c:\users\khang\onedrive\desktop\trainingframework3d\trainingframework3d\trainingframework\debug\object.obj
c:\users\khang\onedrive\desktop\trainingframework3d\trainingframework3d\trainingframework\debug\resourcemanagement.obj
c:\users\khang\onedrive\desktop\trainingframework3d\trainingframework3d\trainingframework\debug\scenemanagement.obj
c:\users\khang\onedrive\desktop\trainingframework3d\trainingframework3d\trainingframework\debug\camera.obj
c:\users\khang\onedrive\desktop\trainingframework3d\trainingframework3d\trainingframework\debug\singleton.obj
c:\users\khang\onedrive\desktop\trainingframework3d\trainingframework3d\trainingframework\debug\texture.obj
c:\users\khang\onedrive\desktop\trainingframework3d\trainingframework3d\trainingframework\debug\trainingframework.obj
c:\users\khang\onedrive\desktop\trainingframework3d\trainingframework3d\trainingframework\debug\shaders.obj
f:\gl internship\trainingframework3d\trainingframework3d\trainingframework\debug\trainingframework.pch
f:\gl internship\trainingframework3d\trainingframework3d\trainingframework\debug\vc142.pdb
f:\gl internship\trainingframework3d\trainingframework3d\trainingframework\debug\vc142.idb
f:\gl internship\trainingframework3d\trainingframework3d\trainingframework\debug\stdafx.obj
f:\gl internship\trainingframework3d\trainingframework3d\trainingframework\debug\matrix.obj
f:\gl internship\trainingframework3d\trainingframework3d\trainingframework\debug\model.obj
f:\gl internship\trainingframework3d\trainingframework3d\trainingframework\debug\object.obj
f:\gl internship\trainingframework3d\trainingframework3d\trainingframework\debug\resourcemanagement.obj
f:\gl internship\trainingframework3d\trainingframework3d\trainingframework\debug\scenemanagement.obj
f:\gl internship\trainingframework3d\trainingframework3d\trainingframework\debug\camera.obj
f:\gl internship\trainingframework3d\trainingframework3d\trainingframework\debug\singleton.obj
f:\gl internship\trainingframework3d\trainingframework3d\trainingframework\debug\texture.obj
f:\gl internship\trainingframework3d\trainingframework3d\trainingframework\debug\trainingframework.obj
f:\gl internship\trainingframework3d\trainingframework3d\trainingframework\debug\shaders.obj
c:\users\khang\onedrive\desktop\trainingframework3d\trainingframework3d\bin\trainingframework.exe
c:\users\khang\onedrive\desktop\trainingframework3d\trainingframework3d\bin\trainingframework.ilk
c:\users\khang\onedrive\desktop\trainingframework3d\trainingframework3d\bin\trainingframework.pdb
f:\gl internship\trainingframework3d\trainingframework3d\bin\trainingframework.exe
f:\gl internship\trainingframework3d\trainingframework3d\bin\trainingframework.ilk
f:\gl internship\trainingframework3d\trainingframework3d\bin\trainingframework.pdb
f:\gl internship\trainingframework3d\trainingframework3d\\bin\trainingframework.pdb
f:\gl internship\trainingframework3d\trainingframework3d\\bin\trainingframework.exe
f:\gl internship\trainingframework3d\trainingframework3d\\bin\trainingframework.ilk
f:\gl internship\trainingframework3d\trainingframework3d\trainingframework\debug\training.fc024ec8.tlog\cl.command.1.tlog
f:\gl internship\trainingframework3d\trainingframework3d\trainingframework\debug\training.fc024ec8.tlog\cl.read.1.tlog
f:\gl internship\trainingframework3d\trainingframework3d\trainingframework\debug\training.fc024ec8.tlog\cl.write.1.tlog
f:\gl internship\trainingframework3d\trainingframework3d\trainingframework\debug\training.fc024ec8.tlog\link.command.1.tlog
f:\gl internship\trainingframework3d\trainingframework3d\trainingframework\debug\training.fc024ec8.tlog\link.delete.1.tlog
f:\gl internship\trainingframework3d\trainingframework3d\trainingframework\debug\training.fc024ec8.tlog\link.read.1.tlog
f:\gl internship\trainingframework3d\trainingframework3d\trainingframework\debug\training.fc024ec8.tlog\link.write.1.tlog
